c:\users\chip\desktop\fixes\source code  release-18-06-24 v1.0\hp-order-of-the-phoenix-fix-main\hp-order-of-the-phoenix-fix-main\build\obj\win32\release\vc143.pdb
c:\users\chip\desktop\fixes\source code  release-18-06-24 v1.0\hp-order-of-the-phoenix-fix-main\hp-order-of-the-phoenix-fix-main\build\obj\win32\release\dllmain.obj
c:\users\chip\desktop\fixes\source code  release-18-06-24 v1.0\hp-order-of-the-phoenix-fix-main\hp-order-of-the-phoenix-fix-main\build\obj\win32\release\interfacequery.obj
c:\users\chip\desktop\fixes\source code  release-18-06-24 v1.0\hp-order-of-the-phoenix-fix-main\hp-order-of-the-phoenix-fix-main\build\obj\win32\release\idirect3dvolumetexture9.obj
c:\users\chip\desktop\fixes\source code  release-18-06-24 v1.0\hp-order-of-the-phoenix-fix-main\hp-order-of-the-phoenix-fix-main\build\obj\win32\release\idirect3dvolume9.obj
c:\users\chip\desktop\fixes\source code  release-18-06-24 v1.0\hp-order-of-the-phoenix-fix-main\hp-order-of-the-phoenix-fix-main\build\obj\win32\release\idirect3dvertexshader9.obj
c:\users\chip\desktop\fixes\source code  release-18-06-24 v1.0\hp-order-of-the-phoenix-fix-main\hp-order-of-the-phoenix-fix-main\build\obj\win32\release\idirect3dvertexdeclaration9.obj
c:\users\chip\desktop\fixes\source code  release-18-06-24 v1.0\hp-order-of-the-phoenix-fix-main\hp-order-of-the-phoenix-fix-main\build\obj\win32\release\idirect3dvertexbuffer9.obj
c:\users\chip\desktop\fixes\source code  release-18-06-24 v1.0\hp-order-of-the-phoenix-fix-main\hp-order-of-the-phoenix-fix-main\build\obj\win32\release\idirect3dtexture9.obj
c:\users\chip\desktop\fixes\source code  release-18-06-24 v1.0\hp-order-of-the-phoenix-fix-main\hp-order-of-the-phoenix-fix-main\build\obj\win32\release\idirect3dswapchain9ex.obj
c:\users\chip\desktop\fixes\source code  release-18-06-24 v1.0\hp-order-of-the-phoenix-fix-main\hp-order-of-the-phoenix-fix-main\build\obj\win32\release\idirect3dsurface9.obj
c:\users\chip\desktop\fixes\source code  release-18-06-24 v1.0\hp-order-of-the-phoenix-fix-main\hp-order-of-the-phoenix-fix-main\build\obj\win32\release\idirect3dstateblock9.obj
c:\users\chip\desktop\fixes\source code  release-18-06-24 v1.0\hp-order-of-the-phoenix-fix-main\hp-order-of-the-phoenix-fix-main\build\obj\win32\release\idirect3dquery9.obj
c:\users\chip\desktop\fixes\source code  release-18-06-24 v1.0\hp-order-of-the-phoenix-fix-main\hp-order-of-the-phoenix-fix-main\build\obj\win32\release\idirect3dpixelshader9.obj
c:\users\chip\desktop\fixes\source code  release-18-06-24 v1.0\hp-order-of-the-phoenix-fix-main\hp-order-of-the-phoenix-fix-main\build\obj\win32\release\idirect3dindexbuffer9.obj
c:\users\chip\desktop\fixes\source code  release-18-06-24 v1.0\hp-order-of-the-phoenix-fix-main\hp-order-of-the-phoenix-fix-main\build\obj\win32\release\idirect3ddevice9ex.obj
c:\users\chip\desktop\fixes\source code  release-18-06-24 v1.0\hp-order-of-the-phoenix-fix-main\hp-order-of-the-phoenix-fix-main\build\obj\win32\release\idirect3dcubetexture9.obj
c:\users\chip\desktop\fixes\source code  release-18-06-24 v1.0\hp-order-of-the-phoenix-fix-main\hp-order-of-the-phoenix-fix-main\build\obj\win32\release\idirect3d9ex.obj
c:\users\chip\desktop\fixes\source code  release-18-06-24 v1.0\hp-order-of-the-phoenix-fix-main\hp-order-of-the-phoenix-fix-main\data\d3d9.dll
c:\users\chip\desktop\fixes\source code  release-18-06-24 v1.0\hp-order-of-the-phoenix-fix-main\hp-order-of-the-phoenix-fix-main\data\d3d9.pdb
c:\users\chip\desktop\fixes\source code  release-18-06-24 v1.0\hp-order-of-the-phoenix-fix-main\hp-order-of-the-phoenix-fix-main\build\obj\win32\release\versioninfo.res
c:\users\chip\desktop\fixes\source code  release-18-06-24 v1.0\hp-order-of-the-phoenix-fix-main\hp-order-of-the-phoenix-fix-main\data\d3d9.lib
c:\users\chip\desktop\fixes\source code  release-18-06-24 v1.0\hp-order-of-the-phoenix-fix-main\hp-order-of-the-phoenix-fix-main\data\d3d9.exp
c:\users\chip\desktop\fixes\source code  release-18-06-24 v1.0\hp-order-of-the-phoenix-fix-main\hp-order-of-the-phoenix-fix-main\build\obj\win32\release\d3d9-wrapper.tlog\cl.command.1.tlog
c:\users\chip\desktop\fixes\source code  release-18-06-24 v1.0\hp-order-of-the-phoenix-fix-main\hp-order-of-the-phoenix-fix-main\build\obj\win32\release\d3d9-wrapper.tlog\cl.items.tlog
c:\users\chip\desktop\fixes\source code  release-18-06-24 v1.0\hp-order-of-the-phoenix-fix-main\hp-order-of-the-phoenix-fix-main\build\obj\win32\release\d3d9-wrapper.tlog\cl.read.1.tlog
c:\users\chip\desktop\fixes\source code  release-18-06-24 v1.0\hp-order-of-the-phoenix-fix-main\hp-order-of-the-phoenix-fix-main\build\obj\win32\release\d3d9-wrapper.tlog\cl.write.1.tlog
c:\users\chip\desktop\fixes\source code  release-18-06-24 v1.0\hp-order-of-the-phoenix-fix-main\hp-order-of-the-phoenix-fix-main\build\obj\win32\release\d3d9-wrapper.tlog\link.command.1.tlog
c:\users\chip\desktop\fixes\source code  release-18-06-24 v1.0\hp-order-of-the-phoenix-fix-main\hp-order-of-the-phoenix-fix-main\build\obj\win32\release\d3d9-wrapper.tlog\link.read.1.tlog
c:\users\chip\desktop\fixes\source code  release-18-06-24 v1.0\hp-order-of-the-phoenix-fix-main\hp-order-of-the-phoenix-fix-main\build\obj\win32\release\d3d9-wrapper.tlog\link.secondary.1.tlog
c:\users\chip\desktop\fixes\source code  release-18-06-24 v1.0\hp-order-of-the-phoenix-fix-main\hp-order-of-the-phoenix-fix-main\build\obj\win32\release\d3d9-wrapper.tlog\link.write.1.tlog
c:\users\chip\desktop\fixes\source code  release-18-06-24 v1.0\hp-order-of-the-phoenix-fix-main\hp-order-of-the-phoenix-fix-main\build\obj\win32\release\d3d9-wrapper.tlog\rc.command.1.tlog
c:\users\chip\desktop\fixes\source code  release-18-06-24 v1.0\hp-order-of-the-phoenix-fix-main\hp-order-of-the-phoenix-fix-main\build\obj\win32\release\d3d9-wrapper.tlog\rc.read.1.tlog
c:\users\chip\desktop\fixes\source code  release-18-06-24 v1.0\hp-order-of-the-phoenix-fix-main\hp-order-of-the-phoenix-fix-main\build\obj\win32\release\d3d9-wrapper.tlog\rc.write.1.tlog
